#! /usr/local/bin/vvp
:ivl_version "13.0 (devel)" "(s20250103-36-gea26587b5)";
:ivl_delay_selection "TYPICAL";
:vpi_time_precision - 12;
:vpi_module "/usr/local/lib/ivl/system.vpi";
:vpi_module "/usr/local/lib/ivl/vhdl_sys.vpi";
:vpi_module "/usr/local/lib/ivl/vhdl_textio.vpi";
:vpi_module "/usr/local/lib/ivl/v2005_math.vpi";
:vpi_module "/usr/local/lib/ivl/va_math.vpi";
S_0x55db97bf4780 .scope module, "half_adder" "half_adder" 2 1;
 .timescale 0 0;
    .port_info 0 /INPUT 1 "a";
    .port_info 1 /INPUT 1 "b";
    .port_info 2 /OUTPUT 1 "sum";
    .port_info 3 /OUTPUT 1 "carry";
o0x77f6b4978018 .functor BUFZ 1, c4<z>; HiZ drive
o0x77f6b4978048 .functor BUFZ 1, c4<z>; HiZ drive
L_0x55db97c0a9c0 .functor XOR 1, o0x77f6b4978018, o0x77f6b4978048, C4<0>, C4<0>;
L_0x55db97c0aac0 .functor AND 1, o0x77f6b4978018, o0x77f6b4978048, C4<1>, C4<1>;
v0x55db97bf4aa0_0 .net "a", 0 0, o0x77f6b4978018;  0 drivers
v0x55db97c09e40_0 .net "b", 0 0, o0x77f6b4978048;  0 drivers
v0x55db97c09f00_0 .net "carry", 0 0, L_0x55db97c0aac0;  1 drivers
v0x55db97c09fa0_0 .net "sum", 0 0, L_0x55db97c0a9c0;  1 drivers
S_0x55db97bf4910 .scope module, "tb_ha" "tb_ha" 3 3;
 .timescale -9 -12;
v0x55db97c0a660_0 .var "a", 0 0;
v0x55db97c0a720_0 .var "b", 0 0;
v0x55db97c0a7f0_0 .net "carry", 0 0, L_0x55db97c0ad60;  1 drivers
v0x55db97c0a8f0_0 .net "sum", 0 0, L_0x55db97c0ac00;  1 drivers
S_0x55db97c0a0e0 .scope module, "uut" "ha" 3 14, 3 43 0, S_0x55db97bf4910;
 .timescale -9 -12;
    .port_info 0 /INPUT 1 "a";
    .port_info 1 /INPUT 1 "b";
    .port_info 2 /OUTPUT 1 "sum";
    .port_info 3 /OUTPUT 1 "carry";
L_0x55db97c0ac00 .functor XOR 1, v0x55db97c0a660_0, v0x55db97c0a720_0, C4<0>, C4<0>;
L_0x55db97c0ad60 .functor AND 1, v0x55db97c0a660_0, v0x55db97c0a720_0, C4<1>, C4<1>;
v0x55db97c0a2e0_0 .net "a", 0 0, v0x55db97c0a660_0;  1 drivers
v0x55db97c0a3c0_0 .net "b", 0 0, v0x55db97c0a720_0;  1 drivers
v0x55db97c0a480_0 .net "carry", 0 0, L_0x55db97c0ad60;  alias, 1 drivers
v0x55db97c0a520_0 .net "sum", 0 0, L_0x55db97c0ac00;  alias, 1 drivers
    .scope S_0x55db97bf4910;
T_0 ;
    %vpi_call 3 22 "$dumpfile", "tb_ha.vcd" {0 0 0};
    %vpi_call 3 23 "$dumpvars", 32'sb00000000000000000000000000000000, S_0x55db97bf4910 {0 0 0};
    %vpi_call 3 26 "$display", "Time\011 a b | sum carry" {0 0 0};
    %vpi_call 3 29 "$monitor", "%g\011 %b %b |  %b    %b", $time, v0x55db97c0a660_0, v0x55db97c0a720_0, v0x55db97c0a8f0_0, v0x55db97c0a7f0_0 {0 0 0};
    %pushi/vec4 0, 0, 1;
    %store/vec4 v0x55db97c0a660_0, 0, 1;
    %pushi/vec4 0, 0, 1;
    %store/vec4 v0x55db97c0a720_0, 0, 1;
    %delay 10000, 0;
    %pushi/vec4 0, 0, 1;
    %store/vec4 v0x55db97c0a660_0, 0, 1;
    %pushi/vec4 1, 0, 1;
    %store/vec4 v0x55db97c0a720_0, 0, 1;
    %delay 10000, 0;
    %pushi/vec4 1, 0, 1;
    %store/vec4 v0x55db97c0a660_0, 0, 1;
    %pushi/vec4 0, 0, 1;
    %store/vec4 v0x55db97c0a720_0, 0, 1;
    %delay 10000, 0;
    %pushi/vec4 1, 0, 1;
    %store/vec4 v0x55db97c0a660_0, 0, 1;
    %pushi/vec4 1, 0, 1;
    %store/vec4 v0x55db97c0a720_0, 0, 1;
    %delay 10000, 0;
    %vpi_call 3 37 "$finish" {0 0 0};
    %end;
    .thread T_0;
# The file index is used to find the file name in the following table.
:file_names 4;
    "N/A";
    "<interactive>";
    "ha.v";
    "tb_ha.v";
